<?xml version="1.0" encoding="UTF-8"?>
<!-- Generated by org.testng.reporters.JUnitReportReporter -->
<testsuite hostname="thinkpad12g" failures="0" tests="1" name="swagLab.MyTestCases" time="0.728" errors="0" timestamp="2024-03-01T00:21:05 EET" skipped="0">
  <testcase classname="swagLab.MyTestCases" name="Login" time="0.728"/>
  <system-out/>
</testsuite> <!-- swagLab.MyTestCases -->
