<?xml version="1.0" encoding="UTF-8"?>
<!-- Generated by org.testng.reporters.JUnitReportReporter -->
<testsuite hostname="thinkpad12g" failures="0" tests="1" name="swagLab.Soso" time="6.576" errors="0" timestamp="2024-03-02T22:10:14 EET" skipped="0">
  <testcase classname="swagLab.Soso" name="loginTest" time="6.576"/>
  <system-out/>
</testsuite> <!-- swagLab.Soso -->
